2023-01-26 13:16:40,705|22|DEBUG:__init__|start report tool
2023-01-26 13:16:40,706|18|DEBUG:############program Start
2023-01-26 13:17:02,257|22|DEBUG:connectAPI|connection success. session start
2023-01-26 13:17:10,743|22|DEBUG:bar_start|10bar start
2023-01-26 13:17:10,799|22|DEBUG:run|start progress bar
2023-01-26 13:17:10,799|22|DEBUG:run|run thread
2023-01-26 13:17:10,801|22|DEBUG:setInfo|site current text0-머트리얼즈
2023-01-26 13:17:11,208|22|DEBUG:__init__|for debug
2023-01-26 13:17:11,231|22|DEBUG:__init__|mainReporting inithttps://apne1-samsungsds.sentinelone.netNf5fCpaJoA257TGNRdSc3hjVlQSShVeH42mV1BDPTKFKctf2mENoNN82gqLIw6agla2oh9cEDSBXsebR
2023-01-26 13:17:11,231|22|DEBUG:get|get func menu datesite
2023-01-26 13:17:11,247|22|DEBUG:getfromDate|for debug
2023-01-26 13:17:44,684|22|DEBUG:start|start func begin
2023-01-26 13:17:44,685|22|DEBUG:start|start func reforge completed
2023-01-26 13:18:13,710|22|DEBUG:getAll|log; noneCursor: eyJpZF9jb2x1bW4iOiAiQWdlbnRWaWV3LmlkIiwgImlkX3ZhbHVlIjogMTYwMDQ0NDU1ODYyOTYyNjM2NSwgInNvcnRfYnlfY29sdW1uIjogIkFnZW50Vmlldy5pZCIsICJzb3J0X2J5X3ZhbHVlIjogMTYwMDQ0NDU1ODYyOTYyNjM2NSwgInNvcnRfb3JkZXIiOiAiYXNjIn0%3D
2023-01-26 13:18:13,710|22|DEBUG:getAll|Computer : 767대
2023-01-26 13:18:13,711|22|DEBUG:getAll|Error Computer : 3대
2023-01-26 13:18:13,785|22|DEBUG:getEndpoints|1. OS별 엔드포인트 생성
2023-01-26 13:18:13,854|22|DEBUG:getEndpoints|2. 버전별 엔드포인트 생성
2023-01-26 13:18:13,884|22|DEBUG:getEndpoints|3. 보호되고 있는 엔드포인트 생성
2023-01-26 13:18:13,958|22|DEBUG:getTop20|4. 기간내 Top20 탐지 Endpoints 생성
2023-01-26 13:18:14,833|22|DEBUG:gatherThreatscnt|5. 위협별 탐지
2023-01-26 13:18:15,040|22|DEBUG:gatherByEngine|6. 엔진별 탐지
2023-01-26 13:18:15,080|22|DEBUG:getSolved|7. 해결된 위협
2023-01-26 13:18:15,103|22|DEBUG:getInfectedDetail|상세내역 
2023-01-26 13:18:15,127|22|DEBUG:__del__|end mkreportInfo thread
2023-01-26 13:19:10,570|22|DEBUG:connectAPI|connection success. session start
2023-01-26 13:19:17,485|22|DEBUG:bar_start|7bar start
2023-01-26 13:19:17,485|22|DEBUG:run|run thread
2023-01-26 13:19:17,485|22|DEBUG:setInfo|site current textDefault site
2023-01-26 13:19:17,486|22|DEBUG:run|start progress bar
2023-01-26 13:19:17,545|22|DEBUG:__init__|for debug
2023-01-26 13:19:17,545|22|DEBUG:__init__|mainReporting inithttps://apne1-samsungsds.sentinelone.netNf5fCpaJoA257TGNRdSc3hjVlQSShVeH42mV1BDPTKFKctf2mENoNN82gqLIw6agla2oh9cEDSBXsebR
2023-01-26 13:19:17,545|22|DEBUG:get|get func menu datesite
2023-01-26 13:19:17,545|22|DEBUG:getfromDate|for debug
2023-01-26 13:19:21,940|22|DEBUG:getfromDate|for debug
2023-01-26 13:19:21,941|22|DEBUG:start|start func begin
2023-01-26 13:19:21,942|22|DEBUG:start|start func reforge completed
2023-01-26 13:19:22,814|22|DEBUG:getAll|log; noneCursor: eyJpZF9jb2x1bW4iOiAiQWdlbnRWaWV3LmlkIiwgImlkX3ZhbHVlIjogMTUxMjgwODAyNzQ5NDc3MDQ4NCwgInNvcnRfYnlfY29sdW1uIjogIkFnZW50Vmlldy5pZCIsICJzb3J0X2J5X3ZhbHVlIjogMTUxMjgwODAyNzQ5NDc3MDQ4NCwgInNvcnRfb3JkZXIiOiAiYXNjIn0%3D
2023-01-26 13:19:22,815|22|DEBUG:getAll|Computer : 11대
2023-01-26 13:19:22,815|22|DEBUG:getAll|Error Computer : 0대
2023-01-26 13:19:22,879|22|DEBUG:getEndpoints|1. OS별 엔드포인트 생성
2023-01-26 13:19:22,924|22|DEBUG:getEndpoints|2. 버전별 엔드포인트 생성
2023-01-26 13:19:22,948|22|DEBUG:getEndpoints|3. 보호되고 있는 엔드포인트 생성
2023-01-26 13:19:22,976|22|DEBUG:getTop20|4. 기간내 Top20 탐지 Endpoints 생성
2023-01-26 13:19:23,191|22|DEBUG:gatherThreatscnt|5. 위협별 탐지
2023-01-26 13:19:23,359|22|DEBUG:gatherByEngine|6. 엔진별 탐지
2023-01-26 13:19:23,401|22|DEBUG:getSolved|7. 해결된 위협
2023-01-26 13:19:23,429|22|DEBUG:__del__|end mkreportInfo thread
2023-01-26 13:22:56,062|22|DEBUG:__init__|start report tool
2023-01-26 13:22:56,063|18|DEBUG:############program Start
2023-01-26 13:22:59,167|22|DEBUG:connectAPI|connection success. session start
2023-01-26 13:23:05,998|22|DEBUG:bar_start|10bar start
2023-01-26 13:23:05,999|22|DEBUG:run|run thread
2023-01-26 13:23:05,999|22|DEBUG:setInfo|site current text0-머트리얼즈
2023-01-26 13:23:06,001|22|DEBUG:run|start progress bar
2023-01-26 13:23:06,030|22|DEBUG:__init__|for debug
2023-01-26 13:23:06,031|22|DEBUG:__init__|mainReporting inithttps://apne1-samsungsds.sentinelone.netNf5fCpaJoA257TGNRdSc3hjVlQSShVeH42mV1BDPTKFKctf2mENoNN82gqLIw6agla2oh9cEDSBXsebR
2023-01-26 13:23:06,031|22|DEBUG:get|get func menu datesite
2023-01-26 13:23:06,031|22|DEBUG:getfromDate|for debug
2023-01-26 13:23:38,178|22|DEBUG:start|start func begin
2023-01-26 13:23:38,179|22|DEBUG:start|start func reforge completed
2023-01-26 13:24:06,972|22|DEBUG:getAll|log; noneCursor: eyJpZF9jb2x1bW4iOiAiQWdlbnRWaWV3LmlkIiwgImlkX3ZhbHVlIjogMTYwMDQ0NDU1ODYyOTYyNjM2NSwgInNvcnRfYnlfY29sdW1uIjogIkFnZW50Vmlldy5pZCIsICJzb3J0X2J5X3ZhbHVlIjogMTYwMDQ0NDU1ODYyOTYyNjM2NSwgInNvcnRfb3JkZXIiOiAiYXNjIn0%3D
2023-01-26 13:24:06,972|22|DEBUG:getAll|Computer : 767대
2023-01-26 13:24:06,972|22|DEBUG:getAll|Error Computer : 3대
2023-01-26 13:24:07,005|22|DEBUG:getEndpoints|1. OS별 엔드포인트 생성
2023-01-26 13:24:07,058|22|DEBUG:getEndpoints|2. 버전별 엔드포인트 생성
2023-01-26 13:24:07,085|22|DEBUG:getEndpoints|3. 보호되고 있는 엔드포인트 생성
2023-01-26 13:24:07,136|22|DEBUG:getTop20|4. 기간내 Top20 탐지 Endpoints 생성
2023-01-26 13:24:07,389|22|DEBUG:gatherThreatscnt|5. 위협별 탐지
2023-01-26 13:24:07,590|22|DEBUG:gatherByEngine|6. 엔진별 탐지
2023-01-26 13:24:07,629|22|DEBUG:getSolved|7. 해결된 위협
2023-01-26 13:24:07,664|22|DEBUG:getInfectedDetail|상세내역 
2023-01-26 13:24:33,589|22|DEBUG:__init__|start report tool
2023-01-26 13:24:33,589|18|DEBUG:############program Start
2023-01-26 13:24:36,142|22|DEBUG:connectAPI|connection success. session start
2023-01-26 13:24:40,631|22|DEBUG:bar_start|7bar start
2023-01-26 13:24:40,631|22|DEBUG:run|run thread
2023-01-26 13:24:40,632|22|DEBUG:setInfo|site current textDefault site
2023-01-26 13:24:40,632|22|DEBUG:run|start progress bar
2023-01-26 13:24:40,662|22|DEBUG:__init__|for debug
2023-01-26 13:24:40,662|22|DEBUG:__init__|mainReporting inithttps://apne1-samsungsds.sentinelone.netNf5fCpaJoA257TGNRdSc3hjVlQSShVeH42mV1BDPTKFKctf2mENoNN82gqLIw6agla2oh9cEDSBXsebR
2023-01-26 13:24:40,662|22|DEBUG:get|get func menu datesite
2023-01-26 13:24:40,662|22|DEBUG:getfromDate|for debug
2023-01-26 13:24:45,035|22|DEBUG:getfromDate|for debug
2023-01-26 13:24:45,035|22|DEBUG:start|start func begin
2023-01-26 13:24:45,036|22|DEBUG:start|start func reforge completed
2023-01-26 13:24:45,921|22|DEBUG:getAll|log; noneCursor: eyJpZF9jb2x1bW4iOiAiQWdlbnRWaWV3LmlkIiwgImlkX3ZhbHVlIjogMTUxMjgwODAyNzQ5NDc3MDQ4NCwgInNvcnRfYnlfY29sdW1uIjogIkFnZW50Vmlldy5pZCIsICJzb3J0X2J5X3ZhbHVlIjogMTUxMjgwODAyNzQ5NDc3MDQ4NCwgInNvcnRfb3JkZXIiOiAiYXNjIn0%3D
2023-01-26 13:24:45,922|22|DEBUG:getAll|Computer : 11대
2023-01-26 13:24:45,922|22|DEBUG:getAll|Error Computer : 0대
2023-01-26 13:24:45,955|22|DEBUG:getEndpoints|1. OS별 엔드포인트 생성
2023-01-26 13:24:45,995|22|DEBUG:getEndpoints|2. 버전별 엔드포인트 생성
2023-01-26 13:24:46,021|22|DEBUG:getEndpoints|3. 보호되고 있는 엔드포인트 생성
2023-01-26 13:24:46,061|22|DEBUG:getTop20|4. 기간내 Top20 탐지 Endpoints 생성
2023-01-26 13:24:46,423|22|DEBUG:gatherThreatscnt|5. 위협별 탐지
2023-01-26 13:24:46,611|22|DEBUG:gatherByEngine|6. 엔진별 탐지
2023-01-26 13:24:46,656|22|DEBUG:getSolved|7. 해결된 위협
2023-01-26 13:24:46,676|22|DEBUG:getInfectedDetail|상세내역 
2023-01-26 13:26:13,658|22|DEBUG:__init__|start report tool
2023-01-26 13:26:13,659|18|DEBUG:############program Start
2023-01-26 13:26:16,583|22|DEBUG:connectAPI|connection success. session start
2023-01-26 13:26:22,030|22|DEBUG:bar_start|7bar start
2023-01-26 13:26:22,031|22|DEBUG:run|run thread
2023-01-26 13:26:22,032|22|DEBUG:setInfo|site current textDefault site
2023-01-26 13:26:22,032|22|DEBUG:run|start progress bar
2023-01-26 13:26:22,069|22|DEBUG:__init__|for debug
2023-01-26 13:26:22,070|22|DEBUG:__init__|mainReporting inithttps://apne1-samsungsds.sentinelone.netNf5fCpaJoA257TGNRdSc3hjVlQSShVeH42mV1BDPTKFKctf2mENoNN82gqLIw6agla2oh9cEDSBXsebR
2023-01-26 13:26:22,070|22|DEBUG:get|get func menu datesite
2023-01-26 13:26:22,071|22|DEBUG:getfromDate|for debug
2023-01-26 13:26:26,380|22|DEBUG:getfromDate|for debug
2023-01-26 13:26:26,381|22|DEBUG:start|start func begin
2023-01-26 13:26:26,381|22|DEBUG:start|start func reforge completed
2023-01-26 13:26:27,244|22|DEBUG:getAll|log; noneCursor: eyJpZF9jb2x1bW4iOiAiQWdlbnRWaWV3LmlkIiwgImlkX3ZhbHVlIjogMTUxMjgwODAyNzQ5NDc3MDQ4NCwgInNvcnRfYnlfY29sdW1uIjogIkFnZW50Vmlldy5pZCIsICJzb3J0X2J5X3ZhbHVlIjogMTUxMjgwODAyNzQ5NDc3MDQ4NCwgInNvcnRfb3JkZXIiOiAiYXNjIn0%3D
2023-01-26 13:26:27,245|22|DEBUG:getAll|Computer : 11대
2023-01-26 13:26:27,245|22|DEBUG:getAll|Error Computer : 0대
2023-01-26 13:26:27,296|22|DEBUG:getEndpoints|1. OS별 엔드포인트 생성
2023-01-26 13:26:27,333|22|DEBUG:getEndpoints|2. 버전별 엔드포인트 생성
2023-01-26 13:26:27,357|22|DEBUG:getEndpoints|3. 보호되고 있는 엔드포인트 생성
2023-01-26 13:26:27,384|22|DEBUG:getTop20|4. 기간내 Top20 탐지 Endpoints 생성
2023-01-26 13:26:27,617|22|DEBUG:gatherThreatscnt|5. 위협별 탐지
2023-01-26 13:26:27,787|22|DEBUG:gatherByEngine|6. 엔진별 탐지
2023-01-26 13:26:27,827|22|DEBUG:getSolved|7. 해결된 위협
2023-01-26 13:26:27,847|22|DEBUG:getInfectedDetail|상세내역 
2023-01-26 13:26:27,866|22|DEBUG:__del__|end mkreportInfo thread
2023-01-26 13:27:01,552|22|DEBUG:connectAPI|connection success. session start
2023-01-26 13:27:10,257|22|DEBUG:bar_start|10bar start
2023-01-26 13:27:10,257|22|DEBUG:run|run thread
2023-01-26 13:27:10,257|22|DEBUG:setInfo|group current text01.서버
2023-01-26 13:27:10,258|22|DEBUG:run|start progress bar
2023-01-26 13:27:10,281|22|DEBUG:__init__|for debug
2023-01-26 13:27:10,281|22|DEBUG:__init__|mainReporting inithttps://apne1-samsungsds.sentinelone.netNf5fCpaJoA257TGNRdSc3hjVlQSShVeH42mV1BDPTKFKctf2mENoNN82gqLIw6agla2oh9cEDSBXsebR
2023-01-26 13:27:10,281|22|DEBUG:get|get func menu dategroup
2023-01-26 13:27:10,281|22|DEBUG:getfromDate|for debug
2023-01-26 13:27:21,105|22|DEBUG:__init__|start report tool
2023-01-26 13:27:21,105|18|DEBUG:############program Start
2023-01-26 13:27:40,373|22|DEBUG:connectAPI|connection success. session start
2023-01-26 13:27:47,684|22|DEBUG:bar_start|10bar start
2023-01-26 13:27:47,684|22|DEBUG:run|run thread
2023-01-26 13:27:47,684|22|DEBUG:setInfo|group current text01.서버
2023-01-26 13:27:47,685|22|DEBUG:run|start progress bar
2023-01-26 13:28:11,728|22|DEBUG:__init__|start report tool
2023-01-26 13:28:11,729|18|DEBUG:############program Start
2023-01-26 13:28:22,586|22|DEBUG:__init__|start report tool
2023-01-26 13:28:22,587|18|DEBUG:############program Start
2023-01-26 13:28:29,483|22|DEBUG:__init__|start report tool
2023-01-26 13:28:29,484|18|DEBUG:############program Start
2023-01-26 13:28:31,682|22|DEBUG:connectAPI|connection success. session start
2023-01-26 13:28:38,476|22|DEBUG:bar_start|10bar start
2023-01-26 13:28:38,477|22|DEBUG:run|run thread
2023-01-26 13:28:38,477|22|DEBUG:setInfo|group current text01.서버
2023-01-26 13:28:38,477|22|DEBUG:run|start progress bar
2023-01-26 13:28:38,478|22|DEBUG:__del__|end progress bar
2023-01-26 13:28:38,507|22|DEBUG:__init__|for debug
2023-01-26 13:28:38,507|22|DEBUG:__init__|mainReporting inithttps://apne1-samsungsds.sentinelone.netNf5fCpaJoA257TGNRdSc3hjVlQSShVeH42mV1BDPTKFKctf2mENoNN82gqLIw6agla2oh9cEDSBXsebR
2023-01-26 13:28:38,508|22|DEBUG:get|get func menu dategroup
2023-01-26 13:28:38,509|22|DEBUG:getfromDate|for debug
2023-01-26 13:28:38,936|22|DEBUG:start|start func begin
2023-01-26 13:28:38,937|22|DEBUG:start|start func reforge completed
2023-01-26 13:28:41,068|22|DEBUG:getAll|log; noneCursor: eyJpZF9jb2x1bW4iOiAiQWdlbnRWaWV3LmlkIiwgImlkX3ZhbHVlIjogMTM3ODA0MjMyODczNTAzNDIxMCwgInNvcnRfYnlfY29sdW1uIjogIkFnZW50Vmlldy5pZCIsICJzb3J0X2J5X3ZhbHVlIjogMTM3ODA0MjMyODczNTAzNDIxMCwgInNvcnRfb3JkZXIiOiAiYXNjIn0%3D
2023-01-26 13:28:41,069|22|DEBUG:getAll|Computer : 58대
2023-01-26 13:28:41,069|22|DEBUG:getAll|Error Computer : 0대
2023-01-26 13:28:41,107|22|DEBUG:getEndpoints|1. OS별 엔드포인트 생성
2023-01-26 13:28:41,140|22|DEBUG:getEndpoints|2. 버전별 엔드포인트 생성
2023-01-26 13:28:41,167|22|DEBUG:getEndpoints|3. 보호되고 있는 엔드포인트 생성
2023-01-26 13:28:41,205|22|DEBUG:getTop20|4. 기간내 Top20 탐지 Endpoints 생성
2023-01-26 13:28:41,469|22|DEBUG:gatherThreatscnt|5. 위협별 탐지
2023-01-26 13:28:41,635|22|DEBUG:gatherByEngine|6. 엔진별 탐지
2023-01-26 13:28:41,666|22|DEBUG:getSolved|7. 해결된 위협
2023-01-26 13:28:41,689|22|DEBUG:getInfectedDetail|상세내역 
2023-01-26 13:28:41,700|22|DEBUG:getInfectedDetail|상세내역 
2023-01-26 13:28:41,723|22|DEBUG:__del__|end mkreportInfo thread
